2024-09-25 01:53:40.949912 - [INFO] - Getting data sources and transaction data path
2024-09-25 01:53:40.951456 - [INFO] - Creating the sink database
2024-09-25 01:53:41.073756 - [INFO] - Creating table production_line_dimension
2024-09-25 01:53:41.145787 - [INFO] - Creating table state_dimension
2024-09-25 01:53:41.205144 - [INFO] - Creating table complaint_type_dimension
2024-09-25 01:53:41.268236 - [INFO] - Creating table process_steps_dimension
2024-09-25 01:53:41.311469 - [INFO] - Creating table city_dimension
2024-09-25 01:53:41.347019 - [INFO] - Creating table product_dimension
2024-09-25 01:53:41.383775 - [INFO] - Creating table issues_dimension
2024-09-25 01:53:41.419016 - [INFO] - Creating table internal_ncs_fact
2024-09-25 01:53:41.455735 - [INFO] - Creating table external_ncs_fact
2024-09-25 01:53:51.786926 - [INFO] - Starting to load the data mart - Primary Dimensions
2024-09-25 01:53:51.788322 - [INFO] - Loading data into production_line_dimension
2024-09-25 01:53:52.779452 - [INFO] - Loading data into process_steps_dimension
2024-09-25 01:53:53.639033 - [INFO] - Loading data into state_dimension
2024-09-25 01:53:54.853480 - [INFO] - Loading data into complaint_type_dimension
2024-09-25 01:53:55.300086 - [INFO] - Loading data into issues_dimension
2024-09-25 01:53:59.368548 - [INFO] - Loading data into product_dimension
2024-09-25 01:54:08.140336 - [INFO] - Starting to load the data mart - Secondary Dimensions - City
2024-09-25 01:54:11.718540 - [INFO] - Starting to load the data mart - Fact Tables - Internal Non-Conformities
2024-09-25 02:03:12.557404 - [INFO] - Starting to load the data mart - Fact Tables - External Non-Conformities
