2024-09-04 01:00:09.985372 - [INFO] - Starting to load the data mart
2024-09-04 01:00:27.066116 - [INFO] - Starting to load the data mart
2024-09-04 01:00:27.067864 - [INFO] - Loading data into product_line_dimension
2024-09-04 01:01:14.613429 - [INFO] - Starting to load the data mart
2024-09-04 01:01:14.615609 - [INFO] - Loading data into product_line_dimension
2024-09-04 01:01:27.495193 - [INFO] - Starting to load the data mart
2024-09-04 01:01:27.496837 - [INFO] - Loading data into product_line_dimension
2024-09-04 01:01:38.336690 - [INFO] - Starting to load the data mart
2024-09-04 01:01:38.339080 - [INFO] - Loading data into product_line_dimension
2024-09-04 01:02:08.982014 - [INFO] - Starting to load the data mart
2024-09-04 01:02:08.983765 - [INFO] - Loading data into product_line_dimension
2024-09-04 01:03:58.541326 - [INFO] - Starting to load the data mart
2024-09-04 01:03:58.543469 - [INFO] - Loading data into product_line_dimension
2024-09-04 01:04:32.155067 - [INFO] - Starting to load the data mart
2024-09-04 01:04:32.156802 - [INFO] - Loading data into product_line_dimension
2024-09-04 01:06:05.019540 - [INFO] - Starting to load the data mart
2024-09-04 01:06:05.021063 - [INFO] - Loading data into production_line_dimension
2024-09-04 01:06:29.919562 - [INFO] - Starting to load the data mart
2024-09-04 01:06:29.921540 - [INFO] - Loading data into production_line_dimension
2024-09-04 01:07:08.347493 - [INFO] - Starting to load the data mart
2024-09-04 01:07:08.349195 - [INFO] - Loading data into production_line_dimension
2024-09-04 01:07:52.149302 - [INFO] - Starting to load the data mart
2024-09-04 01:07:52.151011 - [INFO] - Loading data into production_line_dimension
2024-09-04 01:10:22.208952 - [INFO] - Getting data sources and transaction data path
2024-09-04 01:10:22.210344 - [INFO] - Creating the sink database
2024-09-04 01:10:22.360174 - [INFO] - Creating table production_line_dimension
2024-09-04 01:10:22.424482 - [INFO] - Creating table state_dimension
2024-09-04 01:10:22.486678 - [INFO] - Creating table complaint_type_dimension
2024-09-04 01:10:22.533823 - [INFO] - Creating table process_steps_dimension
2024-09-04 01:10:22.581933 - [INFO] - Creating table city_dimension
2024-09-04 01:10:22.630612 - [INFO] - Creating table product_dimension
2024-09-04 01:10:22.678228 - [INFO] - Creating table issues_dimension
2024-09-04 01:10:22.725866 - [INFO] - Creating table internal_ncs_fact
2024-09-04 01:10:22.774572 - [INFO] - Creating table external_ncs_fact
2024-09-04 01:10:44.346662 - [INFO] - Starting to load the data mart
2024-09-04 01:10:44.348208 - [INFO] - Loading data into production_line_dimension
