2024-09-18 00:08:10.270913 - [INFO] - Starting to load the data mart - Primary Dimensions
2024-09-18 00:08:10.273014 - [INFO] - Loading data into production_line_dimension
2024-09-18 00:08:11.210344 - [INFO] - Loading data into process_steps_dimension
2024-09-18 00:08:11.879612 - [INFO] - Loading data into state_dimension
2024-09-18 00:08:13.114113 - [INFO] - Loading data into complaint_type_dimension
2024-09-18 00:08:13.403531 - [INFO] - Loading data into issues_dimension
2024-09-18 00:08:17.643163 - [INFO] - Loading data into product_dimension
2024-09-18 00:08:27.233384 - [INFO] - Starting to load the data mart - Secondary Dimensions - City
2024-09-18 00:08:30.250697 - [INFO] - Starting to load the data mart - Fact Tables - Internal Non-Conformities
2024-09-18 00:17:25.798449 - [INFO] - Starting to load the data mart - Fact Tables - External Non-Conformities
2024-09-18 00:17:26.000706 - [ERROR] - Error loading data into external ncs fact: Binder Error: Table "external_ncs_fact" does not have a column with name "fabrication_date"
2024-09-18 00:18:07.548640 - [INFO] - Getting data sources and transaction data path
2024-09-18 00:18:07.550693 - [INFO] - Creating the sink database
2024-09-18 00:18:07.692140 - [INFO] - Creating table production_line_dimension
2024-09-18 00:18:07.749791 - [INFO] - Creating table state_dimension
2024-09-18 00:18:07.811002 - [INFO] - Creating table complaint_type_dimension
2024-09-18 00:18:07.873823 - [INFO] - Creating table process_steps_dimension
2024-09-18 00:18:07.904487 - [INFO] - Creating table city_dimension
2024-09-18 00:18:07.940138 - [INFO] - Creating table product_dimension
2024-09-18 00:18:07.965143 - [INFO] - Creating table issues_dimension
2024-09-18 00:18:08.001805 - [INFO] - Creating table internal_ncs_fact
2024-09-18 00:18:08.036745 - [INFO] - Creating table external_ncs_fact
2024-09-18 00:18:10.661566 - [INFO] - Starting to load the data mart - Primary Dimensions
2024-09-18 00:18:10.663002 - [INFO] - Loading data into production_line_dimension
2024-09-18 00:18:11.625837 - [INFO] - Loading data into process_steps_dimension
2024-09-18 00:18:12.210446 - [INFO] - Loading data into state_dimension
2024-09-18 00:18:13.325331 - [INFO] - Loading data into complaint_type_dimension
2024-09-18 00:18:13.588186 - [INFO] - Loading data into issues_dimension
2024-09-18 00:18:17.424286 - [INFO] - Loading data into product_dimension
2024-09-18 00:18:26.067727 - [INFO] - Starting to load the data mart - Secondary Dimensions - City
2024-09-18 00:18:29.439670 - [INFO] - Starting to load the data mart - Fact Tables - Internal Non-Conformities
2024-09-18 00:27:14.303815 - [INFO] - Starting to load the data mart - Fact Tables - External Non-Conformities
2024-09-18 00:27:14.516860 - [ERROR] - Error loading data into external ncs fact: Invalid Input Error: Attempting to execute an unsuccessful or closed pending query result
Error: Conversion Error: Type DOUBLE with value nan can't be cast because the value is out of range for the destination type INT32
2024-09-18 00:28:17.060883 - [INFO] - Starting to load the data mart - Fact Tables - External Non-Conformities
2024-09-18 00:31:44.063235 - [INFO] - Starting to load the data mart - Fact Tables - External Non-Conformities
2024-09-18 00:33:36.754387 - [INFO] - Starting to load the data mart - Fact Tables - External Non-Conformities
2024-09-18 00:34:35.709359 - [INFO] - Starting to load the data mart - Fact Tables - External Non-Conformities
2024-09-18 00:35:21.435666 - [INFO] - Starting to load the data mart - Primary Dimensions
2024-09-18 00:35:21.437459 - [INFO] - Loading data into production_line_dimension
2024-09-18 00:35:22.491918 - [INFO] - Loading data into process_steps_dimension
2024-09-18 00:35:23.172235 - [INFO] - Loading data into state_dimension
2024-09-18 00:35:24.322186 - [INFO] - Loading data into complaint_type_dimension
2024-09-18 00:35:24.638234 - [INFO] - Loading data into issues_dimension
2024-09-18 00:35:28.521893 - [INFO] - Loading data into product_dimension
2024-09-18 00:35:37.278318 - [INFO] - Starting to load the data mart - Secondary Dimensions - City
2024-09-18 00:35:40.989867 - [INFO] - Starting to load the data mart - Fact Tables - Internal Non-Conformities
2024-09-18 00:44:35.627725 - [INFO] - Starting to load the data mart - Fact Tables - External Non-Conformities
